<?xml version="1.0" encoding="UTF-8"?>
<testsuite xmlns:xsi="http://www.w3.org/2001/XMLSchema-instance" xsi:noNamespaceSchemaLocation="https://maven.apache.org/surefire/maven-failsafe-plugin/xsd/failsafe-test-report-3.0.xsd" version="3.0" name="starter.CucumberTestSuite" time="8.295" tests="1" errors="0" skipped="0" failures="0">
  <properties>
[...]
</properties>
  <testcase name="As a user i want to delete user data by ID" classname="DELETE - User Data By ID" time="4.904">
    <system-out><![CDATA[12:41:42.189 [main] DEBUG net.thucydides.core.guice.Injectors - Created injector for module net.thucydides.core.guice.ThucydidesModule
12:41:42.429 [main] INFO io.cucumber.core.plugin.SerenityReporter - Running feature from file:///C:/Users/asus/Downloads/CapstoneAPI/CapstoneAPI/src/test/resources/api/Login.feature
12:41:42.429 [main] WARN io.cucumber.core.plugin.SerenityReporter - Feature from file:///C:/Users/asus/Downloads/CapstoneAPI/CapstoneAPI/src/test/resources/api/Login.feature is not under the 'features' directory. Requirements report will not be correctly generated!
12:41:42.569 [main] DEBUG net.thucydides.core.guice.Injectors - Created injector for module net.thucydides.core.guice.webdriver.WebDriverModule
12:41:42.580 [main] INFO  - 

-------------------------------------------------------------------------------------
     _______. _______ .______       _______ .__   __.  __  .___________.____    ____ 
    /       ||   ____||   _  \     |   ____||  \ |  | |  | |           |\   \  /   / 
   |   (----`|  |__   |  |_)  |    |  |__   |   \|  | |  | `---|  |----` \   \/   /  
    \   \    |   __|  |      /     |   __|  |  . `  | |  |     |  |       \_    _/   
.----)   |   |  |____ |  |\  \----.|  |____ |  |\   | |  |     |  |         |  |     
|_______/    |_______|| _| `._____||_______||__| \__| |__|     |__|         |__|    
                                                                                     
 News and tutorials at http://www.serenity-bdd.info                                  
 Documentation at https://wakaleo.gitbooks.io/the-serenity-book/content/             
 Join the Serenity Community on Gitter: https://gitter.im/serenity-bdd/serenity-core 
 Serenity BDD Support and Training at http://serenity-bdd.info/#/trainingandsupport  
-------------------------------------------------------------------------------------

12:41:42.583 [main] DEBUG net.thucydides.core.steps.StepEventBus - Test suite started for story net.thucydides.core.model.Story@968afdc
12:41:42.587 [main] INFO  - Test Suite Started: Login
12:41:42.625 [main] INFO io.cucumber.core.plugin.SerenityReporter - Running feature from file:///C:/Users/asus/Downloads/CapstoneAPI/CapstoneAPI/src/test/resources/api/Login_User.feature
12:41:42.625 [main] WARN io.cucumber.core.plugin.SerenityReporter - Feature from file:///C:/Users/asus/Downloads/CapstoneAPI/CapstoneAPI/src/test/resources/api/Login_User.feature is not under the 'features' directory. Requirements report will not be correctly generated!
12:41:42.627 [main] DEBUG net.thucydides.core.steps.StepEventBus - Test suite started for story net.thucydides.core.model.Story@603ffa8c
12:41:42.628 [main] INFO  - Test Suite Started: Login
12:41:42.628 [main] INFO io.cucumber.core.plugin.SerenityReporter - Running feature from file:///C:/Users/asus/Downloads/CapstoneAPI/CapstoneAPI/src/test/resources/api/User/DELETE_User_Data_By_ID.feature
12:41:42.628 [main] WARN io.cucumber.core.plugin.SerenityReporter - Feature from file:///C:/Users/asus/Downloads/CapstoneAPI/CapstoneAPI/src/test/resources/api/User/DELETE_User_Data_By_ID.feature is not under the 'features' directory. Requirements report will not be correctly generated!
12:41:42.631 [main] DEBUG net.thucydides.core.steps.StepEventBus - Test suite started for story net.thucydides.core.model.Story@b76db240
12:41:42.631 [main] INFO  - Test Suite Started: DELETE - User Data By ID
12:41:42.632 [main] INFO io.cucumber.core.plugin.SerenityReporter - Running feature from file:///C:/Users/asus/Downloads/CapstoneAPI/CapstoneAPI/src/test/resources/api/User/GET_All_User_Data.feature
12:41:42.632 [main] WARN io.cucumber.core.plugin.SerenityReporter - Feature from file:///C:/Users/asus/Downloads/CapstoneAPI/CapstoneAPI/src/test/resources/api/User/GET_All_User_Data.feature is not under the 'features' directory. Requirements report will not be correctly generated!
12:41:42.635 [main] DEBUG net.thucydides.core.steps.StepEventBus - Test suite started for story net.thucydides.core.model.Story@704a6d9e
12:41:42.635 [main] INFO  - Test Suite Started: GET - All user data
12:41:42.636 [main] INFO io.cucumber.core.plugin.SerenityReporter - Running feature from file:///C:/Users/asus/Downloads/CapstoneAPI/CapstoneAPI/src/test/resources/api/User/GET_User_Data_By_ID.feature
12:41:42.636 [main] WARN io.cucumber.core.plugin.SerenityReporter - Feature from file:///C:/Users/asus/Downloads/CapstoneAPI/CapstoneAPI/src/test/resources/api/User/GET_User_Data_By_ID.feature is not under the 'features' directory. Requirements report will not be correctly generated!
12:41:42.640 [main] DEBUG net.thucydides.core.steps.StepEventBus - Test suite started for story net.thucydides.core.model.Story@fef61550
12:41:42.640 [main] INFO  - Test Suite Started: GET - User Data By ID
12:41:42.641 [main] INFO io.cucumber.core.plugin.SerenityReporter - Running feature from file:///C:/Users/asus/Downloads/CapstoneAPI/CapstoneAPI/src/test/resources/api/User/POST_Login.feature
12:41:42.641 [main] WARN io.cucumber.core.plugin.SerenityReporter - Feature from file:///C:/Users/asus/Downloads/CapstoneAPI/CapstoneAPI/src/test/resources/api/User/POST_Login.feature is not under the 'features' directory. Requirements report will not be correctly generated!
12:41:42.645 [main] DEBUG net.thucydides.core.steps.StepEventBus - Test suite started for story net.thucydides.core.model.Story@75756a4e
12:41:42.645 [main] INFO  - Test Suite Started: POST - Login
12:41:42.646 [main] INFO io.cucumber.core.plugin.SerenityReporter - Running feature from file:///C:/Users/asus/Downloads/CapstoneAPI/CapstoneAPI/src/test/resources/api/User/POST_Register.feature
12:41:42.646 [main] WARN io.cucumber.core.plugin.SerenityReporter - Feature from file:///C:/Users/asus/Downloads/CapstoneAPI/CapstoneAPI/src/test/resources/api/User/POST_Register.feature is not under the 'features' directory. Requirements report will not be correctly generated!
12:41:42.651 [main] DEBUG net.thucydides.core.steps.StepEventBus - Test suite started for story net.thucydides.core.model.Story@ba6c0782
12:41:42.651 [main] INFO  - Test Suite Started: POST - Register
12:41:42.652 [main] INFO io.cucumber.core.plugin.SerenityReporter - Running feature from file:///C:/Users/asus/Downloads/CapstoneAPI/CapstoneAPI/src/test/resources/api/User/PUT_Edit_User_Data_By_ID.feature
12:41:42.652 [main] WARN io.cucumber.core.plugin.SerenityReporter - Feature from file:///C:/Users/asus/Downloads/CapstoneAPI/CapstoneAPI/src/test/resources/api/User/PUT_Edit_User_Data_By_ID.feature is not under the 'features' directory. Requirements report will not be correctly generated!
12:41:42.655 [main] DEBUG net.thucydides.core.steps.StepEventBus - Test suite started for story net.thucydides.core.model.Story@66ec5d12
12:41:42.656 [main] INFO  - Test Suite Started: PUT - Edit User Data By ID
12:41:42.656 [main] INFO io.cucumber.core.plugin.SerenityReporter - Running feature from file:///C:/Users/asus/Downloads/CapstoneAPI/CapstoneAPI/src/test/resources/api/User/DELETE_User_Data_By_ID.feature
12:41:42.656 [main] WARN io.cucumber.core.plugin.SerenityReporter - Feature from file:///C:/Users/asus/Downloads/CapstoneAPI/CapstoneAPI/src/test/resources/api/User/DELETE_User_Data_By_ID.feature is not under the 'features' directory. Requirements report will not be correctly generated!
12:41:42.658 [main] DEBUG net.thucydides.core.steps.StepEventBus - Test suite started for story net.thucydides.core.model.Story@b76db240
12:41:42.658 [main] INFO  - Test Suite Started: DELETE - User Data By ID

@GFIT-User035
Scenario: As a user i want to delete user data by ID                         &amp#27;[90m# src/test/resources/api/User/DELETE_User_Data_By_ID.feature:42&amp#27;[0m
12:41:42.754 [main] INFO io.cucumber.core.plugin.SerenityReporter - Running feature from file:///C:/Users/asus/Downloads/CapstoneAPI/CapstoneAPI/src/test/resources/api/User/DELETE_User_Data_By_ID.feature
12:41:42.754 [main] WARN io.cucumber.core.plugin.SerenityReporter - Feature from file:///C:/Users/asus/Downloads/CapstoneAPI/CapstoneAPI/src/test/resources/api/User/DELETE_User_Data_By_ID.feature is not under the 'features' directory. Requirements report will not be correctly generated!
12:41:42.881 [main] INFO  - 
  _____   ___   ___   _____     ___   _____     _     ___   _____   ___   ___  
 |_   _| | __| / __| |_   _|   / __| |_   _|   /_\   | _ \ |_   _| | __| |   \ 
   | |   | _|  \__ \   | |     \__ \   | |    / _ \  |   /   | |   | _|  | |) |
   |_|   |___| |___/   |_|     |___/   |_|   /_/ \_\ |_|_\   |_|   |___| |___/ 

As a user i want to delete user data by ID(delete---user-data-by-id;as-a-user-i-want-to-delete-user-data-by-id)
--------------------------------------------------------------------------------
12:41:43.326 [main] DEBUG net.thucydides.core.steps.StepInterceptor - STARTING STEP: Login_UserSteps.userSetAuthenticationEndpoint - set authentication endpoint as user
12:41:43.329 [main] DEBUG net.thucydides.core.steps.StepInterceptor - STEP DONE: set authentication endpoint as user
  &amp#27;[32mGiven &amp#27;[0m&amp#27;[32muser set authentication endpoint&amp#27;[0m                                     &amp#27;[90m# starter.stepdefinitions.Login_UserSteps.userSetAuthenticationEndpoint()&amp#27;[0m
12:41:43.337 [main] DEBUG net.thucydides.core.steps.StepInterceptor - STARTING STEP: Login_UserSteps.userSendAuthenticationEndpoint - send authentication endpoint as user
12:41:44.575 [main] DEBUG net.thucydides.core.steps.StepInterceptor - STARTING STEP: Login_User.sendAuthenticationEndpointAsUser - set authentication endpoint as user
12:41:44.575 [main] DEBUG net.thucydides.core.steps.StepInterceptor - STEP DONE: set authentication endpoint as user
12:41:45.261 [main] DEBUG org.apache.http.impl.conn.BasicClientConnectionManager - Get connection for route {}->http://18.141.56.154:8000
12:41:45.271 [main] DEBUG org.apache.http.impl.conn.DefaultClientConnectionOperator - Connecting to 18.141.56.154:8000
12:41:45.356 [main] DEBUG org.apache.http.client.protocol.RequestAddCookies - CookieSpec selected: ignoreCookies
12:41:45.357 [main] DEBUG org.apache.http.client.protocol.RequestAuthCache - Auth cache not set in the context
12:41:45.357 [main] DEBUG org.apache.http.client.protocol.RequestTargetAuthentication - Target auth state: UNCHALLENGED
12:41:45.358 [main] DEBUG org.apache.http.client.protocol.RequestProxyAuthentication - Proxy auth state: UNCHALLENGED
12:41:45.358 [main] DEBUG org.apache.http.impl.client.DefaultHttpClient - Attempt 1 to execute request
12:41:45.358 [main] DEBUG org.apache.http.impl.conn.DefaultClientConnection - Sending request: POST /login HTTP/1.1
12:41:45.358 [main] DEBUG org.apache.http.wire -  >> "POST /login HTTP/1.1[\r][\n]"
12:41:45.359 [main] DEBUG org.apache.http.wire -  >> "Accept: */*[\r][\n]"
12:41:45.359 [main] DEBUG org.apache.http.wire -  >> "Content-Type: application/json[\r][\n]"
12:41:45.359 [main] DEBUG org.apache.http.wire -  >> "Content-Length: 51[\r][\n]"
12:41:45.359 [main] DEBUG org.apache.http.wire -  >> "Host: 18.141.56.154:8000[\r][\n]"
12:41:45.359 [main] DEBUG org.apache.http.wire -  >> "Connection: Keep-Alive[\r][\n]"
12:41:45.359 [main] DEBUG org.apache.http.wire -  >> "User-Agent: Apache-HttpClient/4.5.13 (Java/1.8.0_361)[\r][\n]"
12:41:45.360 [main] DEBUG org.apache.http.wire -  >> "Accept-Encoding: gzip,deflate[\r][\n]"
12:41:45.360 [main] DEBUG org.apache.http.wire -  >> "[\r][\n]"
12:41:45.360 [main] DEBUG org.apache.http.headers - >> POST /login HTTP/1.1
12:41:45.360 [main] DEBUG org.apache.http.headers - >> Accept: */*
12:41:45.360 [main] DEBUG org.apache.http.headers - >> Content-Type: application/json
12:41:45.360 [main] DEBUG org.apache.http.headers - >> Content-Length: 51
12:41:45.360 [main] DEBUG org.apache.http.headers - >> Host: 18.141.56.154:8000
12:41:45.360 [main] DEBUG org.apache.http.headers - >> Connection: Keep-Alive
12:41:45.360 [main] DEBUG org.apache.http.headers - >> User-Agent: Apache-HttpClient/4.5.13 (Java/1.8.0_361)
12:41:45.360 [main] DEBUG org.apache.http.headers - >> Accept-Encoding: gzip,deflate
12:41:45.360 [main] DEBUG org.apache.http.wire -  >> "{"password":"jennie123","email":"jennie@gmail.com"}"
12:41:46.814 [main] DEBUG org.apache.http.wire -  << "HTTP/1.1 200 OK[\r][\n]"
12:41:46.816 [main] DEBUG org.apache.http.wire -  << "Content-Type: application/json; charset=UTF-8[\r][\n]"
12:41:46.816 [main] DEBUG org.apache.http.wire -  << "Vary: Origin[\r][\n]"
12:41:46.816 [main] DEBUG org.apache.http.wire -  << "Date: Thu, 08 Jun 2023 05:41:46 GMT[\r][\n]"
12:41:46.816 [main] DEBUG org.apache.http.wire -  << "Content-Length: 514[\r][\n]"
12:41:46.816 [main] DEBUG org.apache.http.wire -  << "[\r][\n]"
12:41:46.816 [main] DEBUG org.apache.http.impl.conn.DefaultClientConnection - Receiving response: HTTP/1.1 200 OK
12:41:46.816 [main] DEBUG org.apache.http.headers - << HTTP/1.1 200 OK
12:41:46.816 [main] DEBUG org.apache.http.headers - << Content-Type: application/json; charset=UTF-8
12:41:46.816 [main] DEBUG org.apache.http.headers - << Vary: Origin
12:41:46.816 [main] DEBUG org.apache.http.headers - << Date: Thu, 08 Jun 2023 05:41:46 GMT
12:41:46.816 [main] DEBUG org.apache.http.headers - << Content-Length: 514
12:41:46.819 [main] DEBUG org.apache.http.impl.client.DefaultHttpClient - Connection can be kept alive indefinitely
12:41:46.823 [main] DEBUG io.restassured.internal.RestAssuredHttpBuilder - Parsing response as: application/json; charset=UTF-8
12:41:46.823 [main] DEBUG io.restassured.internal.RestAssuredHttpBuilder - Parsed data to instance of: class org.apache.http.conn.EofSensorInputStream
12:41:46.855 [main] DEBUG org.apache.http.wire -  << "{"metadata":{"status_code":200,"message":"success login","error_reason":""},"data":{"id":44,"name":"jennie kim","email":"jennie@gmail.com","password":"********","gender":"wanita","height":163,"goal_height":165,"weight":45,"goal_weight":44,"metadata":{"created_at":"2023-06-08 04:24:12","updated_at":"2023-06-08 04:24:12"}},"token":"eyJhbGciOiJIUzI1NiIsInR5cCI6IkpXVCJ9.eyJlbWFpbCI6Implbm5pZUBnbWFpbC5jb20iLCJleHAiOjE2ODYyMDY1MDYsImlzQWRtaW4iOmZhbHNlLCJ1c2VySUQiOjQ0fQ.e0IkcQmRcxPfYG0Zs8nr-eeHL_cPEuhF0rRr6cI0hQo"}[\n]"
12:41:46.856 [main] DEBUG org.apache.http.impl.conn.BasicClientConnectionManager - Releasing connection org.apache.http.impl.conn.ManagedClientConnectionImpl@16c1519e
12:41:46.856 [main] DEBUG org.apache.http.impl.conn.BasicClientConnectionManager - Connection can be kept alive indefinitely
12:41:47.337 [main] DEBUG net.thucydides.core.steps.StepInterceptor - STEP DONE: send authentication endpoint as user
  &amp#27;[32mAnd &amp#27;[0m&amp#27;[32muser send authentication endpoint&amp#27;[0m                                      &amp#27;[90m# starter.stepdefinitions.Login_UserSteps.userSendAuthenticationEndpoint()&amp#27;[0m
12:41:47.353 [main] DEBUG net.thucydides.core.steps.StepInterceptor - STARTING STEP: DELETE_User_By_IDSteps.userSetValidDELETEUserDataByIDEndpoint - set valid DELETE user data by ID endpoint
12:41:47.353 [main] DEBUG net.thucydides.core.steps.StepInterceptor - STEP DONE: set valid DELETE user data by ID endpoint
  &amp#27;[32mWhen &amp#27;[0m&amp#27;[32muser set valid DELETE user data by ID endpoint&amp#27;[0m                        &amp#27;[90m# starter.stepdefinitions.DELETE_User_By_IDSteps.userSetValidDELETEUserDataByIDEndpoint()&amp#27;[0m
12:41:47.359 [main] DEBUG net.thucydides.core.steps.StepInterceptor - STARTING STEP: DELETE_User_By_IDSteps.userSendDELETEHTTPRequestForUserDataByID - send DELETE HTTP request for user data by ID
12:41:47.361 [main] DEBUG net.thucydides.core.steps.StepInterceptor - STARTING STEP: DELETE_User_By_ID.sendDELETEHTTPRequestForUserDataByID - set valid DELETE user data by ID endpoint
12:41:47.362 [main] DEBUG net.thucydides.core.steps.StepInterceptor - STEP DONE: set valid DELETE user data by ID endpoint
12:41:47.382 [main] DEBUG org.apache.http.impl.conn.BasicClientConnectionManager - Get connection for route {}->http://18.141.56.154:8000
12:41:47.383 [main] DEBUG org.apache.http.impl.conn.DefaultClientConnectionOperator - Connecting to 18.141.56.154:8000
12:41:47.451 [main] DEBUG org.apache.http.client.protocol.RequestAddCookies - CookieSpec selected: ignoreCookies
12:41:47.451 [main] DEBUG org.apache.http.client.protocol.RequestAuthCache - Auth cache not set in the context
12:41:47.452 [main] DEBUG org.apache.http.client.protocol.RequestProxyAuthentication - Proxy auth state: UNCHALLENGED
12:41:47.452 [main] DEBUG org.apache.http.impl.client.DefaultHttpClient - Attempt 1 to execute request
12:41:47.452 [main] DEBUG org.apache.http.impl.conn.DefaultClientConnection - Sending request: DELETE /users/41 HTTP/1.1
12:41:47.452 [main] DEBUG org.apache.http.wire -  >> "DELETE /users/41 HTTP/1.1[\r][\n]"
12:41:47.452 [main] DEBUG org.apache.http.wire -  >> "Authorization: Bearer eyJhbGciOiJIUzI1NiIsInR5cCI6IkpXVCJ9.eyJlbWFpbCI6Implbm5pZUBnbWFpbC5jb20iLCJleHAiOjE2ODYyMDY1MDYsImlzQWRtaW4iOmZhbHNlLCJ1c2VySUQiOjQ0fQ.e0IkcQmRcxPfYG0Zs8nr-eeHL_cPEuhF0rRr6cI0hQo[\r][\n]"
12:41:47.452 [main] DEBUG org.apache.http.wire -  >> "Accept: */*[\r][\n]"
12:41:47.452 [main] DEBUG org.apache.http.wire -  >> "Host: 18.141.56.154:8000[\r][\n]"
12:41:47.452 [main] DEBUG org.apache.http.wire -  >> "Connection: Keep-Alive[\r][\n]"
12:41:47.452 [main] DEBUG org.apache.http.wire -  >> "User-Agent: Apache-HttpClient/4.5.13 (Java/1.8.0_361)[\r][\n]"
12:41:47.452 [main] DEBUG org.apache.http.wire -  >> "Accept-Encoding: gzip,deflate[\r][\n]"
12:41:47.452 [main] DEBUG org.apache.http.wire -  >> "[\r][\n]"
12:41:47.452 [main] DEBUG org.apache.http.headers - >> DELETE /users/41 HTTP/1.1
12:41:47.452 [main] DEBUG org.apache.http.headers - >> Authorization: Bearer eyJhbGciOiJIUzI1NiIsInR5cCI6IkpXVCJ9.eyJlbWFpbCI6Implbm5pZUBnbWFpbC5jb20iLCJleHAiOjE2ODYyMDY1MDYsImlzQWRtaW4iOmZhbHNlLCJ1c2VySUQiOjQ0fQ.e0IkcQmRcxPfYG0Zs8nr-eeHL_cPEuhF0rRr6cI0hQo
12:41:47.452 [main] DEBUG org.apache.http.headers - >> Accept: */*
12:41:47.452 [main] DEBUG org.apache.http.headers - >> Host: 18.141.56.154:8000
12:41:47.452 [main] DEBUG org.apache.http.headers - >> Connection: Keep-Alive
12:41:47.452 [main] DEBUG org.apache.http.headers - >> User-Agent: Apache-HttpClient/4.5.13 (Java/1.8.0_361)
12:41:47.452 [main] DEBUG org.apache.http.headers - >> Accept-Encoding: gzip,deflate
12:41:47.528 [main] DEBUG org.apache.http.wire -  << "HTTP/1.1 401 Unauthorized[\r][\n]"
12:41:47.528 [main] DEBUG org.apache.http.wire -  << "Content-Type: application/json; charset=UTF-8[\r][\n]"
12:41:47.528 [main] DEBUG org.apache.http.wire -  << "Vary: Origin[\r][\n]"
12:41:47.529 [main] DEBUG org.apache.http.wire -  << "Date: Thu, 08 Jun 2023 05:41:47 GMT[\r][\n]"
12:41:47.529 [main] DEBUG org.apache.http.wire -  << "Content-Length: 120[\r][\n]"
12:41:47.529 [main] DEBUG org.apache.http.wire -  << "[\r][\n]"
12:41:47.529 [main] DEBUG org.apache.http.impl.conn.DefaultClientConnection - Receiving response: HTTP/1.1 401 Unauthorized
12:41:47.529 [main] DEBUG org.apache.http.headers - << HTTP/1.1 401 Unauthorized
12:41:47.529 [main] DEBUG org.apache.http.headers - << Content-Type: application/json; charset=UTF-8
12:41:47.529 [main] DEBUG org.apache.http.headers - << Vary: Origin
12:41:47.529 [main] DEBUG org.apache.http.headers - << Date: Thu, 08 Jun 2023 05:41:47 GMT
12:41:47.529 [main] DEBUG org.apache.http.headers - << Content-Length: 120
12:41:47.529 [main] DEBUG org.apache.http.impl.client.DefaultHttpClient - Connection can be kept alive indefinitely
12:41:47.529 [main] DEBUG org.apache.http.impl.client.DefaultHttpClient - Authentication required
12:41:47.529 [main] DEBUG org.apache.http.impl.client.DefaultHttpClient - 18.141.56.154:8000 requested authentication
12:41:47.529 [main] DEBUG org.apache.http.impl.client.DefaultHttpClient - Response contains no authentication challenges
12:41:47.529 [main] DEBUG io.restassured.internal.RestAssuredHttpBuilder - Parsing response as: application/json; charset=UTF-8
12:41:47.529 [main] DEBUG io.restassured.internal.RestAssuredHttpBuilder - Parsed data to instance of: class org.apache.http.conn.EofSensorInputStream
12:41:47.530 [main] DEBUG org.apache.http.wire -  << "{"metadata":{"status_code":401,"message":"Unauthorized","error_reason":"cannot access without permission"},"data":null}[\n]"
12:41:47.530 [main] DEBUG org.apache.http.impl.conn.BasicClientConnectionManager - Releasing connection org.apache.http.impl.conn.ManagedClientConnectionImpl@570a62a5
12:41:47.530 [main] DEBUG org.apache.http.impl.conn.BasicClientConnectionManager - Connection can be kept alive indefinitely
12:41:47.531 [main] DEBUG net.thucydides.core.steps.StepInterceptor - STEP DONE: send DELETE HTTP request for user data by ID
  &amp#27;[32mAnd &amp#27;[0m&amp#27;[32muser send DELETE HTTP request for user data by ID&amp#27;[0m                      &amp#27;[90m# starter.stepdefinitions.DELETE_User_By_IDSteps.userSendDELETEHTTPRequestForUserDataByID()&amp#27;[0m
12:41:47.534 [main] DEBUG net.thucydides.core.steps.StepInterceptor - STARTING STEP: DELETE_User_By_IDSteps.userReceivedValidDELETEHTTPResponseCodeForUserDataByID - received valid DELETE HTTP response code 401 for user data by ID
12:41:47.558 [main] DEBUG net.thucydides.core.steps.StepInterceptor - STEP DONE: received valid DELETE HTTP response code 401 for user data by ID
  &amp#27;[32mThen &amp#27;[0m&amp#27;[32muser received valid DELETE HTTP response code &amp#27;[0m&amp#27;[32m&amp#27;[1m401&amp#27;[0m&amp#27;[32m for user data by ID&amp#27;[0m &amp#27;[90m# starter.stepdefinitions.DELETE_User_By_IDSteps.userReceivedValidDELETEHTTPResponseCodeForUserDataByID(int)&amp#27;[0m
12:41:47.561 [main] INFO  - 
  _____   ___   ___   _____     ___     _     ___   ___   ___   ___  
 |_   _| | __| / __| |_   _|   | _ \   /_\   / __| / __| | __| |   \ 
   | |   | _|  \__ \   | |     |  _/  / _ \  \__ \ \__ \ | _|  | |) |
   |_|   |___| |___/   |_|     |_|   /_/ \_\ |___/ |___/ |___| |___/ 

As a user i want to delete user data by ID
----------------------------------------------------------------------
]]></system-out>
  </testcase>
</testsuite>