<?xml version="1.0" encoding="UTF-8"?>
<testsuite xmlns:xsi="http://www.w3.org/2001/XMLSchema-instance" xsi:noNamespaceSchemaLocation="https://maven.apache.org/surefire/maven-failsafe-plugin/xsd/failsafe-test-report-3.0.xsd" version="3.0" name="starter.CucumberTestSuite" time="6.788" tests="1" errors="0" skipped="0" failures="0">
  <properties>
[...]
</properties>
  <testcase name="As a admin i want to delete user data by ID without token" classname="DELETE - User Data By ID" time="2.885">
    <system-out><![CDATA[10:26:19.062 [main] DEBUG net.thucydides.core.guice.Injectors - Created injector for module net.thucydides.core.guice.ThucydidesModule
10:26:19.289 [main] INFO io.cucumber.core.plugin.SerenityReporter - Running feature from file:///C:/Users/asus/Downloads/CapstoneAPI/CapstoneAPI/src/test/resources/api/Login.feature
10:26:19.289 [main] WARN io.cucumber.core.plugin.SerenityReporter - Feature from file:///C:/Users/asus/Downloads/CapstoneAPI/CapstoneAPI/src/test/resources/api/Login.feature is not under the 'features' directory. Requirements report will not be correctly generated!
10:26:19.417 [main] DEBUG net.thucydides.core.guice.Injectors - Created injector for module net.thucydides.core.guice.webdriver.WebDriverModule
10:26:19.427 [main] INFO  - 

-------------------------------------------------------------------------------------
     _______. _______ .______       _______ .__   __.  __  .___________.____    ____ 
    /       ||   ____||   _  \     |   ____||  \ |  | |  | |           |\   \  /   / 
   |   (----`|  |__   |  |_)  |    |  |__   |   \|  | |  | `---|  |----` \   \/   /  
    \   \    |   __|  |      /     |   __|  |  . `  | |  |     |  |       \_    _/   
.----)   |   |  |____ |  |\  \----.|  |____ |  |\   | |  |     |  |         |  |     
|_______/    |_______|| _| `._____||_______||__| \__| |__|     |__|         |__|    
                                                                                     
 News and tutorials at http://www.serenity-bdd.info                                  
 Documentation at https://wakaleo.gitbooks.io/the-serenity-book/content/             
 Join the Serenity Community on Gitter: https://gitter.im/serenity-bdd/serenity-core 
 Serenity BDD Support and Training at http://serenity-bdd.info/#/trainingandsupport  
-------------------------------------------------------------------------------------

10:26:19.429 [main] DEBUG net.thucydides.core.steps.StepEventBus - Test suite started for story net.thucydides.core.model.Story@968afdc
10:26:19.432 [main] INFO  - Test Suite Started: Login
10:26:19.476 [main] INFO io.cucumber.core.plugin.SerenityReporter - Running feature from file:///C:/Users/asus/Downloads/CapstoneAPI/CapstoneAPI/src/test/resources/api/Login_User.feature
10:26:19.476 [main] WARN io.cucumber.core.plugin.SerenityReporter - Feature from file:///C:/Users/asus/Downloads/CapstoneAPI/CapstoneAPI/src/test/resources/api/Login_User.feature is not under the 'features' directory. Requirements report will not be correctly generated!
10:26:19.479 [main] DEBUG net.thucydides.core.steps.StepEventBus - Test suite started for story net.thucydides.core.model.Story@603ffa8c
10:26:19.479 [main] INFO  - Test Suite Started: Login
10:26:19.479 [main] INFO io.cucumber.core.plugin.SerenityReporter - Running feature from file:///C:/Users/asus/Downloads/CapstoneAPI/CapstoneAPI/src/test/resources/api/User/DELETE_User_Data_By_ID.feature
10:26:19.479 [main] WARN io.cucumber.core.plugin.SerenityReporter - Feature from file:///C:/Users/asus/Downloads/CapstoneAPI/CapstoneAPI/src/test/resources/api/User/DELETE_User_Data_By_ID.feature is not under the 'features' directory. Requirements report will not be correctly generated!
10:26:19.483 [main] DEBUG net.thucydides.core.steps.StepEventBus - Test suite started for story net.thucydides.core.model.Story@b76db240
10:26:19.484 [main] INFO  - Test Suite Started: DELETE - User Data By ID
10:26:19.484 [main] INFO io.cucumber.core.plugin.SerenityReporter - Running feature from file:///C:/Users/asus/Downloads/CapstoneAPI/CapstoneAPI/src/test/resources/api/User/GET_All_User_Data.feature
10:26:19.484 [main] WARN io.cucumber.core.plugin.SerenityReporter - Feature from file:///C:/Users/asus/Downloads/CapstoneAPI/CapstoneAPI/src/test/resources/api/User/GET_All_User_Data.feature is not under the 'features' directory. Requirements report will not be correctly generated!
10:26:19.490 [main] DEBUG net.thucydides.core.steps.StepEventBus - Test suite started for story net.thucydides.core.model.Story@704a6d9e
10:26:19.492 [main] INFO  - Test Suite Started: GET - All user data
10:26:19.492 [main] INFO io.cucumber.core.plugin.SerenityReporter - Running feature from file:///C:/Users/asus/Downloads/CapstoneAPI/CapstoneAPI/src/test/resources/api/User/GET_User_Data_By_ID.feature
10:26:19.492 [main] WARN io.cucumber.core.plugin.SerenityReporter - Feature from file:///C:/Users/asus/Downloads/CapstoneAPI/CapstoneAPI/src/test/resources/api/User/GET_User_Data_By_ID.feature is not under the 'features' directory. Requirements report will not be correctly generated!
10:26:19.496 [main] DEBUG net.thucydides.core.steps.StepEventBus - Test suite started for story net.thucydides.core.model.Story@fef61550
10:26:19.497 [main] INFO  - Test Suite Started: GET - User Data By ID
10:26:19.497 [main] INFO io.cucumber.core.plugin.SerenityReporter - Running feature from file:///C:/Users/asus/Downloads/CapstoneAPI/CapstoneAPI/src/test/resources/api/User/POST_Login.feature
10:26:19.497 [main] WARN io.cucumber.core.plugin.SerenityReporter - Feature from file:///C:/Users/asus/Downloads/CapstoneAPI/CapstoneAPI/src/test/resources/api/User/POST_Login.feature is not under the 'features' directory. Requirements report will not be correctly generated!
10:26:19.499 [main] DEBUG net.thucydides.core.steps.StepEventBus - Test suite started for story net.thucydides.core.model.Story@75756a4e
10:26:19.499 [main] INFO  - Test Suite Started: POST - Login
10:26:19.499 [main] INFO io.cucumber.core.plugin.SerenityReporter - Running feature from file:///C:/Users/asus/Downloads/CapstoneAPI/CapstoneAPI/src/test/resources/api/User/POST_Register.feature
10:26:19.499 [main] WARN io.cucumber.core.plugin.SerenityReporter - Feature from file:///C:/Users/asus/Downloads/CapstoneAPI/CapstoneAPI/src/test/resources/api/User/POST_Register.feature is not under the 'features' directory. Requirements report will not be correctly generated!
10:26:19.504 [main] DEBUG net.thucydides.core.steps.StepEventBus - Test suite started for story net.thucydides.core.model.Story@ba6c0782
10:26:19.505 [main] INFO  - Test Suite Started: POST - Register
10:26:19.505 [main] INFO io.cucumber.core.plugin.SerenityReporter - Running feature from file:///C:/Users/asus/Downloads/CapstoneAPI/CapstoneAPI/src/test/resources/api/User/PUT_Edit_User_Data_By_ID.feature
10:26:19.505 [main] WARN io.cucumber.core.plugin.SerenityReporter - Feature from file:///C:/Users/asus/Downloads/CapstoneAPI/CapstoneAPI/src/test/resources/api/User/PUT_Edit_User_Data_By_ID.feature is not under the 'features' directory. Requirements report will not be correctly generated!
10:26:19.509 [main] DEBUG net.thucydides.core.steps.StepEventBus - Test suite started for story net.thucydides.core.model.Story@66ec5d12
10:26:19.509 [main] INFO  - Test Suite Started: PUT - Edit User Data By ID
10:26:19.510 [main] INFO io.cucumber.core.plugin.SerenityReporter - Running feature from file:///C:/Users/asus/Downloads/CapstoneAPI/CapstoneAPI/src/test/resources/api/User/DELETE_User_Data_By_ID.feature
10:26:19.510 [main] WARN io.cucumber.core.plugin.SerenityReporter - Feature from file:///C:/Users/asus/Downloads/CapstoneAPI/CapstoneAPI/src/test/resources/api/User/DELETE_User_Data_By_ID.feature is not under the 'features' directory. Requirements report will not be correctly generated!
10:26:19.512 [main] DEBUG net.thucydides.core.steps.StepEventBus - Test suite started for story net.thucydides.core.model.Story@b76db240
10:26:19.513 [main] INFO  - Test Suite Started: DELETE - User Data By ID

@GFIT-User033
Scenario: As a admin i want to delete user data by ID without token                         &amp#27;[90m# src/test/resources/api/User/DELETE_User_Data_By_ID.feature:28&amp#27;[0m
10:26:19.610 [main] INFO io.cucumber.core.plugin.SerenityReporter - Running feature from file:///C:/Users/asus/Downloads/CapstoneAPI/CapstoneAPI/src/test/resources/api/User/DELETE_User_Data_By_ID.feature
10:26:19.610 [main] WARN io.cucumber.core.plugin.SerenityReporter - Feature from file:///C:/Users/asus/Downloads/CapstoneAPI/CapstoneAPI/src/test/resources/api/User/DELETE_User_Data_By_ID.feature is not under the 'features' directory. Requirements report will not be correctly generated!
10:26:19.751 [main] INFO  - 
  _____   ___   ___   _____     ___   _____     _     ___   _____   ___   ___  
 |_   _| | __| / __| |_   _|   / __| |_   _|   /_\   | _ \ |_   _| | __| |   \ 
   | |   | _|  \__ \   | |     \__ \   | |    / _ \  |   /   | |   | _|  | |) |
   |_|   |___| |___/   |_|     |___/   |_|   /_/ \_\ |_|_\   |_|   |___| |___/ 

As a admin i want to delete user data by ID without token(delete---user-data-by-id;as-a-admin-i-want-to-delete-user-data-by-id-without-token)
--------------------------------------------------------------------------------
10:26:20.201 [main] DEBUG net.thucydides.core.steps.StepInterceptor - STARTING STEP: DELETE_User_By_IDSteps.adminSetValidDELETEUserDataByIDEndpointWithoutToken - set valid DELETE user data by ID endpoint without token
10:26:20.205 [main] DEBUG net.thucydides.core.steps.StepInterceptor - STEP DONE: set valid DELETE user data by ID endpoint without token
  &amp#27;[32mGiven &amp#27;[0m&amp#27;[32madmin set valid DELETE user data by ID endpoint without token&amp#27;[0m                       &amp#27;[90m# starter.stepdefinitions.DELETE_User_By_IDSteps.adminSetValidDELETEUserDataByIDEndpointWithoutToken()&amp#27;[0m
10:26:20.216 [main] DEBUG net.thucydides.core.steps.StepInterceptor - STARTING STEP: DELETE_User_By_IDSteps.adminSendDELETEHTTPRequestWithValidEndpointForUserDataByIDWithoutToken - send DELETE HTTP request with valid endpoint for user data by ID without token
10:26:20.218 [main] DEBUG net.thucydides.core.steps.StepInterceptor - STARTING STEP: DELETE_User_By_ID.sendDELETEHTTPRequestWithValidEndpointForUserDataByIDWithoutToken - set valid DELETE user data by ID endpoint without token
10:26:20.218 [main] DEBUG net.thucydides.core.steps.StepInterceptor - STEP DONE: set valid DELETE user data by ID endpoint without token
10:26:22.111 [main] DEBUG org.apache.http.impl.conn.BasicClientConnectionManager - Get connection for route {}->http://18.141.56.154:8000
10:26:22.122 [main] DEBUG org.apache.http.impl.conn.DefaultClientConnectionOperator - Connecting to 18.141.56.154:8000
10:26:22.200 [main] DEBUG org.apache.http.client.protocol.RequestAddCookies - CookieSpec selected: ignoreCookies
10:26:22.201 [main] DEBUG org.apache.http.client.protocol.RequestAuthCache - Auth cache not set in the context
10:26:22.201 [main] DEBUG org.apache.http.client.protocol.RequestTargetAuthentication - Target auth state: UNCHALLENGED
10:26:22.201 [main] DEBUG org.apache.http.client.protocol.RequestProxyAuthentication - Proxy auth state: UNCHALLENGED
10:26:22.201 [main] DEBUG org.apache.http.impl.client.DefaultHttpClient - Attempt 1 to execute request
10:26:22.201 [main] DEBUG org.apache.http.impl.conn.DefaultClientConnection - Sending request: DELETE /users/15 HTTP/1.1
10:26:22.201 [main] DEBUG org.apache.http.wire -  >> "DELETE /users/15 HTTP/1.1[\r][\n]"
10:26:22.202 [main] DEBUG org.apache.http.wire -  >> "Accept: */*[\r][\n]"
10:26:22.202 [main] DEBUG org.apache.http.wire -  >> "Host: 18.141.56.154:8000[\r][\n]"
10:26:22.202 [main] DEBUG org.apache.http.wire -  >> "Connection: Keep-Alive[\r][\n]"
10:26:22.203 [main] DEBUG org.apache.http.wire -  >> "User-Agent: Apache-HttpClient/4.5.13 (Java/1.8.0_361)[\r][\n]"
10:26:22.203 [main] DEBUG org.apache.http.wire -  >> "Accept-Encoding: gzip,deflate[\r][\n]"
10:26:22.203 [main] DEBUG org.apache.http.wire -  >> "[\r][\n]"
10:26:22.203 [main] DEBUG org.apache.http.headers - >> DELETE /users/15 HTTP/1.1
10:26:22.203 [main] DEBUG org.apache.http.headers - >> Accept: */*
10:26:22.203 [main] DEBUG org.apache.http.headers - >> Host: 18.141.56.154:8000
10:26:22.203 [main] DEBUG org.apache.http.headers - >> Connection: Keep-Alive
10:26:22.203 [main] DEBUG org.apache.http.headers - >> User-Agent: Apache-HttpClient/4.5.13 (Java/1.8.0_361)
10:26:22.203 [main] DEBUG org.apache.http.headers - >> Accept-Encoding: gzip,deflate
10:26:22.276 [main] DEBUG org.apache.http.wire -  << "HTTP/1.1 400 Bad Request[\r][\n]"
10:26:22.278 [main] DEBUG org.apache.http.wire -  << "Content-Type: application/json; charset=UTF-8[\r][\n]"
10:26:22.278 [main] DEBUG org.apache.http.wire -  << "Vary: Origin[\r][\n]"
10:26:22.278 [main] DEBUG org.apache.http.wire -  << "Date: Sat, 17 Jun 2023 03:26:21 GMT[\r][\n]"
10:26:22.278 [main] DEBUG org.apache.http.wire -  << "Content-Length: 128[\r][\n]"
10:26:22.278 [main] DEBUG org.apache.http.wire -  << "[\r][\n]"
10:26:22.279 [main] DEBUG org.apache.http.impl.conn.DefaultClientConnection - Receiving response: HTTP/1.1 400 Bad Request
10:26:22.279 [main] DEBUG org.apache.http.headers - << HTTP/1.1 400 Bad Request
10:26:22.279 [main] DEBUG org.apache.http.headers - << Content-Type: application/json; charset=UTF-8
10:26:22.279 [main] DEBUG org.apache.http.headers - << Vary: Origin
10:26:22.279 [main] DEBUG org.apache.http.headers - << Date: Sat, 17 Jun 2023 03:26:21 GMT
10:26:22.279 [main] DEBUG org.apache.http.headers - << Content-Length: 128
10:26:22.285 [main] DEBUG org.apache.http.impl.client.DefaultHttpClient - Connection can be kept alive indefinitely
10:26:22.291 [main] DEBUG io.restassured.internal.RestAssuredHttpBuilder - Parsing response as: application/json; charset=UTF-8
10:26:22.291 [main] DEBUG io.restassured.internal.RestAssuredHttpBuilder - Parsed data to instance of: class org.apache.http.conn.EofSensorInputStream
10:26:22.325 [main] DEBUG org.apache.http.wire -  << "{"metadata":{"status_code":400,"message":"missing value in request header","error_reason":"no token been inputed"},"data":null}[\n]"
10:26:22.325 [main] DEBUG org.apache.http.impl.conn.BasicClientConnectionManager - Releasing connection org.apache.http.impl.conn.ManagedClientConnectionImpl@5856dbe4
10:26:22.325 [main] DEBUG org.apache.http.impl.conn.BasicClientConnectionManager - Connection can be kept alive indefinitely
10:26:22.352 [main] DEBUG net.thucydides.core.steps.StepInterceptor - STEP DONE: send DELETE HTTP request with valid endpoint for user data by ID without token
  &amp#27;[32mWhen &amp#27;[0m&amp#27;[32madmin send DELETE HTTP request with valid endpoint for user data by ID without token&amp#27;[0m &amp#27;[90m# starter.stepdefinitions.DELETE_User_By_IDSteps.adminSendDELETEHTTPRequestWithValidEndpointForUserDataByIDWithoutToken()&amp#27;[0m
10:26:22.355 [main] DEBUG net.thucydides.core.steps.StepInterceptor - STARTING STEP: DELETE_User_By_IDSteps.adminReceivedValidDELETEHTTPResponseCodeBadRequestForUserDataByID - received valid DELETE HTTP response code 400 Bad Request for user data by ID
10:26:22.381 [main] DEBUG net.thucydides.core.steps.StepInterceptor - STEP DONE: received valid DELETE HTTP response code 400 Bad Request for user data by ID
  &amp#27;[32mThen &amp#27;[0m&amp#27;[32madmin received valid DELETE HTTP response code &amp#27;[0m&amp#27;[32m&amp#27;[1m400&amp#27;[0m&amp#27;[32m Bad Request for user data by ID&amp#27;[0m   &amp#27;[90m# starter.stepdefinitions.DELETE_User_By_IDSteps.adminReceivedValidDELETEHTTPResponseCodeBadRequestForUserDataByID(int)&amp#27;[0m
10:26:22.389 [main] INFO  - 
  _____   ___   ___   _____     ___     _     ___   ___   ___   ___  
 |_   _| | __| / __| |_   _|   | _ \   /_\   / __| / __| | __| |   \ 
   | |   | _|  \__ \   | |     |  _/  / _ \  \__ \ \__ \ | _|  | |) |
   |_|   |___| |___/   |_|     |_|   /_/ \_\ |___/ |___/ |___| |___/ 

As a admin i want to delete user data by ID without token
----------------------------------------------------------------------
]]></system-out>
  </testcase>
</testsuite>